<?xml version="1.0" encoding="UTF-8"?>
<testng-results skipped="0" failed="0" total="1" passed="1">
  <reporter-output>
  </reporter-output>
  <suite name="Default suite" duration-ms="24755" started-at="2017-02-08T17:02:24Z" finished-at="2017-02-08T17:02:49Z">
    <groups>
    </groups>
    <test name="Default test" duration-ms="24755" started-at="2017-02-08T17:02:24Z" finished-at="2017-02-08T17:02:49Z">
      <class name="Insurance.Insuron.InsuronTest">
        <test-method status="PASS" signature="testFreeQuotes()[pri:0, instance:Insurance.Insuron.InsuronTest@28feb3fa]" name="testFreeQuotes" duration-ms="24734" started-at="2017-02-08T11:02:24Z" finished-at="2017-02-08T11:02:49Z">
          <reporter-output>
          </reporter-output>
        </test-method> <!-- testFreeQuotes -->
      </class> <!-- Insurance.Insuron.InsuronTest -->
    </test> <!-- Default test -->
  </suite> <!-- Default suite -->
</testng-results>
